e:\nam 3\nmptg\castlevania_final\castlevania\debug\vc141.pdb
e:\nam 3\nmptg\castlevania_final\castlevania\debug\vc141.idb
e:\nam 3\nmptg\castlevania_final\castlevania\debug\merman.obj
e:\nam 3\nmptg\castlevania_final\castlevania\debug\meleeweapon.obj
e:\nam 3\nmptg\castlevania_final\castlevania\debug\medusa.obj
e:\nam 3\nmptg\castlevania_final\castlevania\debug\main.obj
e:\nam 3\nmptg\castlevania_final\castlevania\debug\item.obj
e:\nam 3\nmptg\castlevania_final\castlevania\debug\head.obj
e:\nam 3\nmptg\castlevania_final\castlevania\debug\gameobject.obj
e:\nam 3\nmptg\castlevania_final\castlevania\debug\game.obj
e:\nam 3\nmptg\castlevania_final\castlevania\debug\enemy.obj
e:\nam 3\nmptg\castlevania_final\castlevania\debug\effect.obj
e:\nam 3\nmptg\castlevania_final\castlevania\debug\door.obj
e:\nam 3\nmptg\castlevania_final\castlevania\debug\debug.obj
e:\nam 3\nmptg\castlevania_final\castlevania\debug\cassiopeiamini.obj
e:\nam 3\nmptg\castlevania_final\castlevania\debug\candle.obj
e:\nam 3\nmptg\castlevania_final\castlevania\debug\camera.obj
e:\nam 3\nmptg\castlevania_final\castlevania\debug\brick.obj
e:\nam 3\nmptg\castlevania_final\castlevania\debug\breakablebrick.obj
e:\nam 3\nmptg\castlevania_final\castlevania\debug\bat2.obj
e:\nam 3\nmptg\castlevania_final\castlevania\debug\bat.obj
e:\nam 3\nmptg\castlevania_final\castlevania\debug\background.obj
e:\nam 3\nmptg\castlevania_final\castlevania\debug\zombie.obj
e:\nam 3\nmptg\castlevania_final\castlevania\debug\winscene.obj
e:\nam 3\nmptg\castlevania_final\castlevania\debug\thorn.obj
e:\nam 3\nmptg\castlevania_final\castlevania\debug\textures.obj
e:\nam 3\nmptg\castlevania_final\castlevania\debug\stats.obj
e:\nam 3\nmptg\castlevania_final\castlevania\debug\stairs.obj
e:\nam 3\nmptg\castlevania_final\castlevania\debug\sprites.obj
e:\nam 3\nmptg\castlevania_final\castlevania\debug\sound.obj
e:\nam 3\nmptg\castlevania_final\castlevania\debug\soldier.obj
e:\nam 3\nmptg\castlevania_final\castlevania\debug\snakehead.obj
e:\nam 3\nmptg\castlevania_final\castlevania\debug\skull.obj
e:\nam 3\nmptg\castlevania_final\castlevania\debug\simon.obj
e:\nam 3\nmptg\castlevania_final\castlevania\debug\rangedweapon.obj
e:\nam 3\nmptg\castlevania_final\castlevania\debug\projectile.obj
e:\nam 3\nmptg\castlevania_final\castlevania\debug\phantombat.obj
e:\nam 3\nmptg\castlevania_final\castlevania\debug\panther.obj
e:\nam 3\nmptg\castlevania_final\castlevania\debug\movingblock.obj
e:\nam 3\nmptg\castlevania_final\debug\castlevania.exe
e:\nam 3\nmptg\castlevania_final\debug\castlevania.ilk
e:\nam 3\nmptg\castlevania_final\debug\castlevania.pdb
e:\nam 3\nmptg\castlevania_final\castlevania\debug\castlevania.res
e:\nam 3\nmptg\castlevania_final\castlevania\debug\castlevania.tlog\cl.command.1.tlog
e:\nam 3\nmptg\castlevania_final\castlevania\debug\castlevania.tlog\cl.read.1.tlog
e:\nam 3\nmptg\castlevania_final\castlevania\debug\castlevania.tlog\cl.write.1.tlog
e:\nam 3\nmptg\castlevania_final\castlevania\debug\castlevania.tlog\link.command.1.tlog
e:\nam 3\nmptg\castlevania_final\castlevania\debug\castlevania.tlog\link.read.1.tlog
e:\nam 3\nmptg\castlevania_final\castlevania\debug\castlevania.tlog\link.write.1.tlog
e:\nam 3\nmptg\castlevania_final\castlevania\debug\castlevania.tlog\rc.command.1.tlog
e:\nam 3\nmptg\castlevania_final\castlevania\debug\castlevania.tlog\rc.read.1.tlog
e:\nam 3\nmptg\castlevania_final\castlevania\debug\castlevania.tlog\rc.write.1.tlog
