e:\nam 3\nmptg\castlevania\castlevania\x64\debug\vc141.pdb
e:\nam 3\nmptg\castlevania\castlevania\x64\debug\vc141.idb
e:\nam 3\nmptg\castlevania\castlevania\x64\debug\zombie.obj
e:\nam 3\nmptg\castlevania\castlevania\x64\debug\textures.obj
e:\nam 3\nmptg\castlevania\castlevania\x64\debug\stairs.obj
e:\nam 3\nmptg\castlevania\castlevania\x64\debug\sprites.obj
e:\nam 3\nmptg\castlevania\castlevania\x64\debug\simon.obj
e:\nam 3\nmptg\castlevania\castlevania\x64\debug\rangedweapon.obj
e:\nam 3\nmptg\castlevania\castlevania\x64\debug\panther.obj
e:\nam 3\nmptg\castlevania\castlevania\x64\debug\meleeweapon.obj
e:\nam 3\nmptg\castlevania\castlevania\x64\debug\main.obj
e:\nam 3\nmptg\castlevania\castlevania\x64\debug\item.obj
e:\nam 3\nmptg\castlevania\castlevania\x64\debug\gameobject.obj
e:\nam 3\nmptg\castlevania\castlevania\x64\debug\door.obj
e:\nam 3\nmptg\castlevania\castlevania\x64\debug\debug.obj
e:\nam 3\nmptg\castlevania\castlevania\x64\debug\candle.obj
e:\nam 3\nmptg\castlevania\castlevania\x64\debug\camera.obj
e:\nam 3\nmptg\castlevania\castlevania\x64\debug\brick.obj
e:\nam 3\nmptg\castlevania\castlevania\x64\debug\bat.obj
e:\nam 3\nmptg\castlevania\castlevania\x64\debug\background.obj
e:\nam 3\nmptg\castlevania\castlevania\x64\debug\game.nativecodeanalysis.xml
e:\nam 3\nmptg\castlevania\castlevania\x64\debug\castlevania.tlog\cl.command.1.tlog
e:\nam 3\nmptg\castlevania\castlevania\x64\debug\castlevania.tlog\cl.read.1.tlog
e:\nam 3\nmptg\castlevania\castlevania\x64\debug\castlevania.tlog\cl.write.1.tlog
